0 info it worked if it ends with ok
1 verbose cli [ '/usr/local/bin/node', '/usr/local/bin/npm', 'run', 'tslint' ]
2 info using npm@4.0.1
3 info using node@v9.0.0
4 verbose run-script [ 'pretslint', 'tslint', 'posttslint' ]
5 info lifecycle node-webpack-babel-typescript@0.0.1~pretslint: node-webpack-babel-typescript@0.0.1
6 silly lifecycle node-webpack-babel-typescript@0.0.1~pretslint: no script for pretslint, continuing
7 info lifecycle node-webpack-babel-typescript@0.0.1~tslint: node-webpack-babel-typescript@0.0.1
8 verbose lifecycle node-webpack-babel-typescript@0.0.1~tslint: unsafe-perm in lifecycle true
9 verbose lifecycle node-webpack-babel-typescript@0.0.1~tslint: PATH: /usr/local/lib/node_modules/npm/bin/node-gyp-bin:/home/mod/code/projects/traders-friend/test/starter/node-webpack-babel-typescript/node_modules/.bin:/usr/local/share/npm/bin:/usr/local/share/npm/bin:/home/mod/bin:/home/mod/.local/bin:/usr/local/sbin:/usr/local/bin:/usr/sbin:/usr/bin:/sbin:/bin:/usr/games:/usr/local/games:/snap/bin:/usr/lib/jvm/java-8-oracle/bin:/usr/lib/jvm/java-8-oracle/db/bin:/usr/lib/jvm/java-8-oracle/jre/bin:/home/mod/software/android/tools:/home/mod/software/android/platform-tools:/usr/lib/lightdm/lightdm:/usr/local/sbin:/usr/local/bin:/usr/sbin:/usr/bin:/sbin:/bin:/usr/games:/home/mod/software/android/tools:/home/mod/software/android/platform-tools:/usr/lib/lightdm/lightdm:/usr/local/sbin:/usr/local/bin:/usr/sbin:/usr/bin:/sbin:/bin:/usr/games
10 verbose lifecycle node-webpack-babel-typescript@0.0.1~tslint: CWD: /home/mod/code/projects/traders-friend/test/starter/node-webpack-babel-typescript
11 silly lifecycle node-webpack-babel-typescript@0.0.1~tslint: Args: [ '-c', 'tslint src/**/*.ts' ]
12 silly lifecycle node-webpack-babel-typescript@0.0.1~tslint: Returned: code: 2  signal: null
13 info lifecycle node-webpack-babel-typescript@0.0.1~tslint: Failed to exec tslint script
14 verbose stack Error: node-webpack-babel-typescript@0.0.1 tslint: `tslint src/**/*.ts`
14 verbose stack Exit status 2
14 verbose stack     at EventEmitter.<anonymous> (/usr/local/lib/node_modules/npm/lib/utils/lifecycle.js:279:16)
14 verbose stack     at emitTwo (events.js:135:13)
14 verbose stack     at EventEmitter.emit (events.js:224:7)
14 verbose stack     at ChildProcess.<anonymous> (/usr/local/lib/node_modules/npm/lib/utils/spawn.js:40:14)
14 verbose stack     at emitTwo (events.js:135:13)
14 verbose stack     at ChildProcess.emit (events.js:224:7)
14 verbose stack     at maybeClose (internal/child_process.js:943:16)
14 verbose stack     at Process.ChildProcess._handle.onexit (internal/child_process.js:220:5)
15 verbose pkgid node-webpack-babel-typescript@0.0.1
16 verbose cwd /home/mod/code/projects/traders-friend/test/starter/node-webpack-babel-typescript
17 error Linux 4.4.0-112-generic
18 error argv "/usr/local/bin/node" "/usr/local/bin/npm" "run" "tslint"
19 error node v9.0.0
20 error npm  v4.0.1
21 error code ELIFECYCLE
22 error node-webpack-babel-typescript@0.0.1 tslint: `tslint src/**/*.ts`
22 error Exit status 2
23 error Failed at the node-webpack-babel-typescript@0.0.1 tslint script 'tslint src/**/*.ts'.
23 error Make sure you have the latest version of node.js and npm installed.
23 error If you do, this is most likely a problem with the node-webpack-babel-typescript package,
23 error not with npm itself.
23 error Tell the author that this fails on your system:
23 error     tslint src/**/*.ts
23 error You can get information on how to open an issue for this project with:
23 error     npm bugs node-webpack-babel-typescript
23 error Or if that isn't available, you can get their info via:
23 error     npm owner ls node-webpack-babel-typescript
23 error There is likely additional logging output above.
24 verbose exit [ 1, true ]
